Sender: LSF System <hpcadmin@compute13>
Subject: Job 73898[2]: <proc[1-3]> Done

Job <proc[1-3]> was submitted from host <amc-tesla> by user <bryans> in cluster <amctesla_cluster1>.
Job was executed on host(s) <compute13>, in queue <normal>, as user <bryans> in cluster <amctesla_cluster1>.
</vol3/home/bryans> was used as the home directory.
</vol3/home/bryans/projects/collab/sclafani/20160203> was used as the working directory.
Started at Mon Feb 22 20:54:28 2016
Results reported at Mon Feb 22 20:55:38 2016

Your job looked like:

------------------------------------------------------------
# LSBATCH: User input
#! /usr/bin/env bash

#BSUB -J proc[1-3]
#BSUB -o %J.$I.out
#BSUB -e %J.$I.err

set -o nounset -o pipefail -o errexit -x

BARCODES=(1_CGATGT 2_TTAGGC 3_TGACCA)
BARCODE_IDX=$(($LSB_JOBINDEX - 1))
BARCODE=${BARCODES[$BARCODE_IDX]}

PROJECTS="$HOME/projects/collab/sclafani/20160203"
FASTQ_FILE="$PROJECTS/$BARCODE""_L001_R1_001.fastq.gz"
BOWTIEINDEX="$HOME/ref/genomes/sacCer1/sacCer1"
CHROMSIZES="$HOME/ref/genomes/sacCer1/sacCer1.chrom.sizes"

#BAMPREFIX="$(echo $BARCODE)" | cut -f1 -d'_'
BAMPREFIX=$BARCODE
STDIN="-"
  
zcat $FASTQ_FILE \
    | bowtie -5 17 -m 1 --sam $BOWTIEINDEX $STDIN \
    | samtools view -bS $STDIN > "$BAMPREFIX.unsorted.bam" \
       
samtools sort "$BAMPREFIX.unsorted.bam" -o "$BAMPREFIX.bam"
         
# remove unsorted bam file
rm -f "$BAMPREFIX.unsorted.bam"
            
BEDGRAPH="$BAMPREFIX.bg"
BEDGRAPHPOS="$BAMPREFIX.pos.bg"
BEDGRAPHNEG="$BAMPREFIX.neg.bg"
              
# removed the "-5" flag to look at coverage
bedtools genomecov -ibam "$BAMPREFIX.bam" \
    -bg -5 -g $CHROMSIZES \
    > $BEDGRAPH
bedtools genomecov -ibam "$BAMPREFIX.bam" \
    -bg -strand + -5 -g $CHROMSIZES \
    > $BEDGRAPHPOS
bedtools genomecov -ibam "$BAMPREFIX.bam" \
    -bg -strand - -5 -g $CHROMSIZES \
    > $BEDGRAPHNEG
                       
BIGWIG="$BAMPREFIX.bw"
BIGWIGPOS="$BAMPREFIX.pos.bw"
BIGWIGNEG="$BAMPREFIX.neg.bw"
bedGraphToBigWig $BEDGRAPH $CHROMSIZES $BIGWIG
bedGraphToBigWig $BEDGRAPHPOS $CHROMSIZES $BIGWIGPOS

(... more ...)
------------------------------------------------------------

Successfully completed.

Resource usage summary:

    CPU time   :     77.68 sec.
    Max Processes  :         6
    Max Threads    :         7

The output (if any) follows:



PS:

Read file <73898.$I.err> for stderr output of this job.

Sender: LSF System <hpcadmin@compute15>
Subject: Job 73898[3]: <proc[1-3]> Done

Job <proc[1-3]> was submitted from host <amc-tesla> by user <bryans> in cluster <amctesla_cluster1>.
Job was executed on host(s) <compute15>, in queue <normal>, as user <bryans> in cluster <amctesla_cluster1>.
</vol3/home/bryans> was used as the home directory.
</vol3/home/bryans/projects/collab/sclafani/20160203> was used as the working directory.
Started at Mon Feb 22 20:54:28 2016
Results reported at Mon Feb 22 20:57:27 2016

Your job looked like:

------------------------------------------------------------
# LSBATCH: User input
#! /usr/bin/env bash

#BSUB -J proc[1-3]
#BSUB -o %J.$I.out
#BSUB -e %J.$I.err

set -o nounset -o pipefail -o errexit -x

BARCODES=(1_CGATGT 2_TTAGGC 3_TGACCA)
BARCODE_IDX=$(($LSB_JOBINDEX - 1))
BARCODE=${BARCODES[$BARCODE_IDX]}

PROJECTS="$HOME/projects/collab/sclafani/20160203"
FASTQ_FILE="$PROJECTS/$BARCODE""_L001_R1_001.fastq.gz"
BOWTIEINDEX="$HOME/ref/genomes/sacCer1/sacCer1"
CHROMSIZES="$HOME/ref/genomes/sacCer1/sacCer1.chrom.sizes"

#BAMPREFIX="$(echo $BARCODE)" | cut -f1 -d'_'
BAMPREFIX=$BARCODE
STDIN="-"
  
zcat $FASTQ_FILE \
    | bowtie -5 17 -m 1 --sam $BOWTIEINDEX $STDIN \
    | samtools view -bS $STDIN > "$BAMPREFIX.unsorted.bam" \
       
samtools sort "$BAMPREFIX.unsorted.bam" -o "$BAMPREFIX.bam"
         
# remove unsorted bam file
rm -f "$BAMPREFIX.unsorted.bam"
            
BEDGRAPH="$BAMPREFIX.bg"
BEDGRAPHPOS="$BAMPREFIX.pos.bg"
BEDGRAPHNEG="$BAMPREFIX.neg.bg"
              
# removed the "-5" flag to look at coverage
bedtools genomecov -ibam "$BAMPREFIX.bam" \
    -bg -5 -g $CHROMSIZES \
    > $BEDGRAPH
bedtools genomecov -ibam "$BAMPREFIX.bam" \
    -bg -strand + -5 -g $CHROMSIZES \
    > $BEDGRAPHPOS
bedtools genomecov -ibam "$BAMPREFIX.bam" \
    -bg -strand - -5 -g $CHROMSIZES \
    > $BEDGRAPHNEG
                       
BIGWIG="$BAMPREFIX.bw"
BIGWIGPOS="$BAMPREFIX.pos.bw"
BIGWIGNEG="$BAMPREFIX.neg.bw"
bedGraphToBigWig $BEDGRAPH $CHROMSIZES $BIGWIG
bedGraphToBigWig $BEDGRAPHPOS $CHROMSIZES $BIGWIGPOS

(... more ...)
------------------------------------------------------------

Successfully completed.

Resource usage summary:

    CPU time   :    204.60 sec.
    Max Processes  :         6
    Max Threads    :         7

The output (if any) follows:



PS:

Read file <73898.$I.err> for stderr output of this job.

Sender: LSF System <hpcadmin@compute11>
Subject: Job 73898[1]: <proc[1-3]> Done

Job <proc[1-3]> was submitted from host <amc-tesla> by user <bryans> in cluster <amctesla_cluster1>.
Job was executed on host(s) <compute11>, in queue <normal>, as user <bryans> in cluster <amctesla_cluster1>.
</vol3/home/bryans> was used as the home directory.
</vol3/home/bryans/projects/collab/sclafani/20160203> was used as the working directory.
Started at Mon Feb 22 20:54:28 2016
Results reported at Mon Feb 22 20:59:29 2016

Your job looked like:

------------------------------------------------------------
# LSBATCH: User input
#! /usr/bin/env bash

#BSUB -J proc[1-3]
#BSUB -o %J.$I.out
#BSUB -e %J.$I.err

set -o nounset -o pipefail -o errexit -x

BARCODES=(1_CGATGT 2_TTAGGC 3_TGACCA)
BARCODE_IDX=$(($LSB_JOBINDEX - 1))
BARCODE=${BARCODES[$BARCODE_IDX]}

PROJECTS="$HOME/projects/collab/sclafani/20160203"
FASTQ_FILE="$PROJECTS/$BARCODE""_L001_R1_001.fastq.gz"
BOWTIEINDEX="$HOME/ref/genomes/sacCer1/sacCer1"
CHROMSIZES="$HOME/ref/genomes/sacCer1/sacCer1.chrom.sizes"

#BAMPREFIX="$(echo $BARCODE)" | cut -f1 -d'_'
BAMPREFIX=$BARCODE
STDIN="-"
  
zcat $FASTQ_FILE \
    | bowtie -5 17 -m 1 --sam $BOWTIEINDEX $STDIN \
    | samtools view -bS $STDIN > "$BAMPREFIX.unsorted.bam" \
       
samtools sort "$BAMPREFIX.unsorted.bam" -o "$BAMPREFIX.bam"
         
# remove unsorted bam file
rm -f "$BAMPREFIX.unsorted.bam"
            
BEDGRAPH="$BAMPREFIX.bg"
BEDGRAPHPOS="$BAMPREFIX.pos.bg"
BEDGRAPHNEG="$BAMPREFIX.neg.bg"
              
# removed the "-5" flag to look at coverage
bedtools genomecov -ibam "$BAMPREFIX.bam" \
    -bg -5 -g $CHROMSIZES \
    > $BEDGRAPH
bedtools genomecov -ibam "$BAMPREFIX.bam" \
    -bg -strand + -5 -g $CHROMSIZES \
    > $BEDGRAPHPOS
bedtools genomecov -ibam "$BAMPREFIX.bam" \
    -bg -strand - -5 -g $CHROMSIZES \
    > $BEDGRAPHNEG
                       
BIGWIG="$BAMPREFIX.bw"
BIGWIGPOS="$BAMPREFIX.pos.bw"
BIGWIGNEG="$BAMPREFIX.neg.bw"
bedGraphToBigWig $BEDGRAPH $CHROMSIZES $BIGWIG
bedGraphToBigWig $BEDGRAPHPOS $CHROMSIZES $BIGWIGPOS

(... more ...)
------------------------------------------------------------

Successfully completed.

Resource usage summary:

    CPU time   :    330.74 sec.
    Max Memory :         1 GB
    Max Swap   :         1 GB

    Max Processes  :         6
    Max Threads    :         7

The output (if any) follows:



PS:

Read file <73898.$I.err> for stderr output of this job.

